[debug] [2023-02-25T18:27:15.513Z] ----------------------------------------------------------------------
[debug] [2023-02-25T18:27:15.521Z] Command:       C:\Program Files\nodejs\node.exe C:\Users\Samet\AppData\Roaming\npm\node_modules\firebase-tools\lib\bin\firebase.js init
[debug] [2023-02-25T18:27:15.523Z] CLI Version:   11.24.0
[debug] [2023-02-25T18:27:15.524Z] Platform:      win32
[debug] [2023-02-25T18:27:15.524Z] Node Version:  v19.5.0
[debug] [2023-02-25T18:27:15.524Z] Time:          Sat Feb 25 2023 21:27:15 GMT+0300 (GMT+03:00)
[debug] [2023-02-25T18:27:15.524Z] ----------------------------------------------------------------------
[debug] 
[debug] [2023-02-25T18:27:15.744Z] > command requires scopes: ["email","openid","https://www.googleapis.com/auth/cloudplatformprojects.readonly","https://www.googleapis.com/auth/firebase","https://www.googleapis.com/auth/cloud-platform"]
[debug] [2023-02-25T18:27:15.748Z] > authorizing via signed-in user (ilkemir4@gmail.com)
[info] 
     ######## #### ########  ######## ########     ###     ######  ########
     ##        ##  ##     ## ##       ##     ##  ##   ##  ##       ##
     ######    ##  ########  ######   ########  #########  ######  ######
     ##        ##  ##    ##  ##       ##     ## ##     ##       ## ##
     ##       #### ##     ## ######## ########  ##     ##  ######  ########

You're about to initialize a Firebase project in this directory:

  C:\Users\Samet\Desktop\codes\note_lab

Before we get started, keep in mind:

  * You are initializing within an existing Firebase project directory

[info] 
=== Project Setup
[info] 
[info] First, let's associate this project directory with a Firebase project.
[info] You can create multiple project aliases by running firebase use --add, 
[info] but for now we'll just set up a default project.
[info] 
[debug] [2023-02-25T18:27:23.543Z] Using project from CLI flag: notelab-d4d88
[debug] [2023-02-25T18:27:23.548Z] >>> [apiv2][query] GET https://firebase.googleapis.com/v1beta1/projects/notelab-d4d88 [none]
[debug] [2023-02-25T18:27:23.987Z] <<< [apiv2][status] GET https://firebase.googleapis.com/v1beta1/projects/notelab-d4d88 200
[debug] [2023-02-25T18:27:23.987Z] <<< [apiv2][body] GET https://firebase.googleapis.com/v1beta1/projects/notelab-d4d88 {"projectId":"notelab-d4d88","projectNumber":"51541890809","displayName":"notelab","name":"projects/notelab-d4d88","resources":{"hostingSite":"notelab-d4d88"},"state":"ACTIVE","etag":"1_c18d8370-8da4-4e94-a686-dd6d41e13753"}
[info] i  Using project notelab-d4d88 (notelab) 
[info] 
=== Hosting Setup
[info] 
[info] Your public directory is the folder (relative to your project directory) that
[info] will contain Hosting assets to be uploaded with firebase deploy. If you
[info] have a build process for your assets, use your build's output directory.
[info] 
[info] +  Wrote dist/404.html 
[debug] [2023-02-25T18:27:31.159Z] >>> [apiv2][query] GET https://www.gstatic.com/firebasejs/releases.json [none]
[debug] [2023-02-25T18:27:31.360Z] <<< [apiv2][status] GET https://www.gstatic.com/firebasejs/releases.json 200
[debug] [2023-02-25T18:27:31.360Z] <<< [apiv2][body] GET https://www.gstatic.com/firebasejs/releases.json {"current":{"version":"9.17.1","browserURL":"https://www.gstatic.com/firebasejs/9.17.1/firebase.js","packageURL":"https://www.gstatic.com/firebasejs/9.17.1/firebase.tgz"},"live":{"version":"9.17","browserURL":"https://www.gstatic.com/firebasejs/live/9.17/firebase.js","packageURL":"https://www.gstatic.com/firebasejs/live/9.17/firebase.tgz"},"components":{"analytics":"https://www.gstatic.com/firebasejs/9.17.1/firebase-analytics.js","app":"https://www.gstatic.com/firebasejs/9.17.1/firebase-app.js","app-check":"https://www.gstatic.com/firebasejs/9.17.1/firebase-app-check.js","auth":"https://www.gstatic.com/firebasejs/9.17.1/firebase-auth.js","auth/cordova":"https://www.gstatic.com/firebasejs/9.17.1/firebase-auth/cordova.js","auth/react-native":"https://www.gstatic.com/firebasejs/9.17.1/firebase-auth/react-native.js","functions":"https://www.gstatic.com/firebasejs/9.17.1/firebase-functions.js","firestore":"https://www.gstatic.com/firebasejs/9.17.1/firebase-firestore.js","firestore/lite":"https://www.gstatic.com/firebasejs/9.17.1/firebase-firestore/lite.js","installations":"https://www.gstatic.com/firebasejs/9.17.1/firebase-installations.js","storage":"https://www.gstatic.com/firebasejs/9.17.1/firebase-storage.js","performance":"https://www.gstatic.com/firebasejs/9.17.1/firebase-performance.js","remote-config":"https://www.gstatic.com/firebasejs/9.17.1/firebase-remote-config.js","messaging":"https://www.gstatic.com/firebasejs/9.17.1/firebase-messaging.js","messaging/sw":"https://www.gstatic.com/firebasejs/9.17.1/firebase-messaging/sw.js","database":"https://www.gstatic.com/firebasejs/9.17.1/firebase-database.js","firestore.memory":"https://www.gstatic.com/firebasejs/9.17.1/firebase-firestore.memory.js"}}
[info] +  Wrote dist/index.html 
[info] 
[info] i  Detected a .git folder at C:\Users\Samet\Desktop\codes\note_lab 
[info] i  Authorizing with GitHub to upload your service account to a GitHub repository's secrets store. 
[info] 
[info] Visit this URL on this device to log in:
[info] https://github.com/login/oauth/authorize?client_id=89cf50f02ac6aaed3484&state=261415990&redirect_uri=http%3A%2F%2Flocalhost%3A9005&scope=read%3Auser%20repo%20public_repo
[info] 
[info] Waiting for authentication...
[debug] [2023-02-25T18:27:35.793Z] >>> [apiv2][query] POST https://github.com/login/oauth/access_token [none]
[debug] [2023-02-25T18:27:35.793Z] >>> [apiv2][body] POST https://github.com/login/oauth/access_token [stream]
[debug] [2023-02-25T18:27:36.146Z] <<< [apiv2][status] POST https://github.com/login/oauth/access_token 200
[debug] [2023-02-25T18:27:36.146Z] <<< [apiv2][body] POST https://github.com/login/oauth/access_token {"access_token":"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","token_type":"bearer","scope":"read:user,repo"}
[debug] [2023-02-25T18:27:36.165Z] >>> [apiv2][query] GET https://api.github.com/user [none]
[debug] [2023-02-25T18:27:36.543Z] <<< [apiv2][status] GET https://api.github.com/user 200
[debug] [2023-02-25T18:27:36.544Z] <<< [apiv2][body] GET https://api.github.com/user {"login":"secyo","id":75724488,"node_id":"MDQ6VXNlcjc1NzI0NDg4","avatar_url":"https://avatars.githubusercontent.com/u/75724488?v=4","gravatar_id":"","url":"https://api.github.com/users/secyo","html_url":"https://github.com/secyo","followers_url":"https://api.github.com/users/secyo/followers","following_url":"https://api.github.com/users/secyo/following{/other_user}","gists_url":"https://api.github.com/users/secyo/gists{/gist_id}","starred_url":"https://api.github.com/users/secyo/starred{/owner}{/repo}","subscriptions_url":"https://api.github.com/users/secyo/subscriptions","organizations_url":"https://api.github.com/users/secyo/orgs","repos_url":"https://api.github.com/users/secyo/repos","events_url":"https://api.github.com/users/secyo/events{/privacy}","received_events_url":"https://api.github.com/users/secyo/received_events","type":"User","site_admin":false,"name":null,"company":null,"blog":"","location":null,"email":null,"hireable":null,"bio":null,"twitter_username":null,"public_repos":2,"public_gists":0,"followers":0,"following":0,"created_at":"2020-12-09T08:55:11Z","updated_at":"2023-02-24T20:11:41Z","private_gists":0,"total_private_repos":3,"owned_private_repos":3,"disk_usage":874,"collaborators":0,"two_factor_authentication":false,"plan":{"name":"free","space":976562499,"collaborators":0,"private_repos":10000}}
[info] 
[info] +  Success! Logged into GitHub as secyo 
[info] 
